2018-05-01 06:36:25 [::1][-][-][error][yii\web\HttpException:404] exception 'yii\base\InvalidRouteException' with message 'Unable to resolve the request "".' in D:\xampp\htdocs\practical\vendor\yiisoft\yii2\base\Module.php:532
Stack trace:
#0 D:\xampp\htdocs\practical\vendor\yiisoft\yii2\web\Application.php(102): yii\base\Module->runAction('', Array)
#1 D:\xampp\htdocs\practical\vendor\yiisoft\yii2\base\Application.php(380): yii\web\Application->handleRequest(Object(yii\web\Request))
#2 D:\xampp\htdocs\practical\index.php(12): yii\base\Application->run()
#3 {main}

Next exception 'yii\web\NotFoundHttpException' with message 'Page not found.' in D:\xampp\htdocs\practical\vendor\yiisoft\yii2\web\Application.php:114
Stack trace:
#0 D:\xampp\htdocs\practical\vendor\yiisoft\yii2\base\Application.php(380): yii\web\Application->handleRequest(Object(yii\web\Request))
#1 D:\xampp\htdocs\practical\index.php(12): yii\base\Application->run()
#2 {main}
2018-05-01 06:36:24 [::1][-][-][info][application] $_COOKIE = [
    '_ga' => 'GA1.1.1089365589.1522557006'
    'PHPSESSID' => 'at77o7g7pfg4gna9qcl07p1bs6'
    '_csrf' => '6b99bd8a03bb908cadf198c0031faefa083de05a55b6598514e89ed659c1bc83a:2:{i:0;s:5:\"_csrf\";i:1;s:32:\"a§˜5êH«sÁ‡šþYë«ýj\"G…=\0öu‹>â”ìrO\";}'
]

$_SERVER = [
    'MIBDIRS' => 'D:/xampp/php/extras/mibs'
    'MYSQL_HOME' => '\\xampp\\mysql\\bin'
    'OPENSSL_CONF' => 'D:/xampp/apache/bin/openssl.cnf'
    'PHP_PEAR_SYSCONF_DIR' => '\\xampp\\php'
    'PHPRC' => '\\xampp\\php'
    'TMP' => '\\xampp\\tmp'
    'HTTP_HOST' => 'localhost'
    'HTTP_CONNECTION' => 'keep-alive'
    'HTTP_CACHE_CONTROL' => 'max-age=0'
    'HTTP_UPGRADE_INSECURE_REQUESTS' => '1'
    'HTTP_USER_AGENT' => 'Mozilla/5.0 (Windows NT 10.0; Win64; x64) AppleWebKit/537.36 (KHTML, like Gecko) Chrome/65.0.3325.181 Safari/537.36'
    'HTTP_ACCEPT' => 'text/html,application/xhtml+xml,application/xml;q=0.9,image/webp,image/apng,*/*;q=0.8'
    'HTTP_ACCEPT_ENCODING' => 'gzip, deflate, br'
    'HTTP_ACCEPT_LANGUAGE' => 'en-US,en;q=0.9'
    'HTTP_COOKIE' => '_ga=GA1.1.1089365589.1522557006; PHPSESSID=at77o7g7pfg4gna9qcl07p1bs6; _csrf=6b99bd8a03bb908cadf198c0031faefa083de05a55b6598514e89ed659c1bc83a%3A2%3A%7Bi%3A0%3Bs%3A5%3A%22_csrf%22%3Bi%3A1%3Bs%3A32%3A%22a%A7%985%EAH%ABs%C1%87%9A%FEY%EB%AB%FDj%22G%85%3D%00%F6u%8B%3E%E2%15%94%ECrO%22%3B%7D'
    'PATH' => 'C:\\ProgramData\\Oracle\\Java\\javapath;C:\\WINDOWS\\system32;C:\\WINDOWS;C:\\WINDOWS\\System32\\Wbem;C:\\WINDOWS\\System32\\WindowsPowerShell\\v1.0\\;D:\\xampp\\php;C:\\Program Files\\PuTTY\\;C:\\Program Files\\Git\\cmd;C:\\Program Files\\Git\\mingw64\\bin;C:\\Program Files\\Git\\usr\\bin;C:\\ProgramData\\ComposerSetup\\bin;C:\\Program Files\\nodejs\\;C:\\Users\\iNurture\\AppData\\Local\\Microsoft\\WindowsApps;C:\\Users\\iNurture\\AppData\\Roaming\\Composer\\vendor\\bin;C:\\Users\\iNurture\\AppData\\Roaming\\npm'
    'SystemRoot' => 'C:\\WINDOWS'
    'COMSPEC' => 'C:\\WINDOWS\\system32\\cmd.exe'
    'PATHEXT' => '.COM;.EXE;.BAT;.CMD;.VBS;.VBE;.JS;.JSE;.WSF;.WSH;.MSC'
    'WINDIR' => 'C:\\WINDOWS'
    'SERVER_SIGNATURE' => '<address>Apache/2.4.25 (Win32) OpenSSL/1.0.2j PHP/5.6.30 Server at localhost Port 80</address>
'
    'SERVER_SOFTWARE' => 'Apache/2.4.25 (Win32) OpenSSL/1.0.2j PHP/5.6.30'
    'SERVER_NAME' => 'localhost'
    'SERVER_ADDR' => '::1'
    'SERVER_PORT' => '80'
    'REMOTE_ADDR' => '::1'
    'DOCUMENT_ROOT' => 'D:/xampp/htdocs'
    'REQUEST_SCHEME' => 'http'
    'CONTEXT_PREFIX' => ''
    'CONTEXT_DOCUMENT_ROOT' => 'D:/xampp/htdocs'
    'SERVER_ADMIN' => 'postmaster@localhost'
    'SCRIPT_FILENAME' => 'D:/xampp/htdocs/practical/index.php'
    'REMOTE_PORT' => '55698'
    'GATEWAY_INTERFACE' => 'CGI/1.1'
    'SERVER_PROTOCOL' => 'HTTP/1.1'
    'REQUEST_METHOD' => 'GET'
    'QUERY_STRING' => ''
    'REQUEST_URI' => '/practical/'
    'SCRIPT_NAME' => '/practical/index.php'
    'PHP_SELF' => '/practical/index.php'
    'REQUEST_TIME_FLOAT' => 1525149384.964
    'REQUEST_TIME' => 1525149384
]
